130.90931309291298
132.7524499511719
143.15374755859375
135.14438598632825
122.43571573893193
123.8551727294921
113.39045257568341
193.85554321289055
182.87438232421883
159.67985107421882
123.03973999023401
155.25839355468707
205.4890502929693
205.60230484008798
199.44880777994695
205.42864786783926
204.94542846679664
192.32132161458262
196.7911010742191
195.81258178710996
185.49584757486687
116.89882676866303
117.60352172851465
118.64546356201208
120.35183207194011
167.9429028320301
165.94056243896557
168.70397338867164
160.42884114583526
162.66373087565202
159.16039021809897
163.12278930663888
154.3885986328096
161.63688964843823
169.06638793945604
168.6677319335926
127.56992187499903
124.44409637451463
132.28131103515625
135.0900238037102
127.77701590401868
130.04093017578072
126.22381068638268
119.05317993164256
118.89210679796169
129.4046455383268
137.61868896484586
150.1755294799841
166.57478790283494
121.37263305663946
128.00481933593693
160.76105448404996
133.23912091936342
136.6000844319642
127.50951944987173
175.1911938476551
169.61000976562718
132.71167831420826
127.44911702473958
137.4759195963537
128.95917765299478
126.12026367187458
148.36345672607058
145.75105183919368
166.07646789550927
137.35511474609666
131.73768920898874
129.56320190429977
130.88342633928656
128.9833386230486
134.31083251953243
162.80179356166212
182.9589457193991
172.9442236328119
165.87055053711148
112.46931559244695
133.0967437744148
135.7846516927093
166.89190063477145
178.99654663086113
172.91704254150682
171.20463378906135
162.9657430012982
169.2022933959961
175.8918619791657
168.9455830891966
127.93233642578083
175.07211478096932
125.86657348632289
113.19414469400847
128.83837280273292
135.5068005371082
140.01282145181904
126.06590148925898
132.57577285766456
134.0933837890625
138.75947113036818
125.55075509207174
140.19402872721548
118.93237508138797
